2024-01-15T21:47:29.963498+00:00 INFO 'ansible_navigator.setup_logger' New ansible-navigator instance, logging initialized
2024-01-15T21:47:29.964506+00:00 INFO 'ansible_navigator.setup_logger' New ansible-runner instance, logging initialized
2024-01-15T21:47:29.964547+00:00 DEBUG 'ansible_navigator.main' Babel==2.9.1 
2024-01-15T21:47:29.964569+00:00 DEBUG 'ansible_navigator.main' Jinja2==3.1.2 
2024-01-15T21:47:29.964588+00:00 DEBUG 'ansible_navigator.main' MarkupSafe==2.1.0 
2024-01-15T21:47:29.964607+00:00 DEBUG 'ansible_navigator.main' PySocks==1.7.1 
2024-01-15T21:47:29.964625+00:00 DEBUG 'ansible_navigator.main' PyYAML==5.4.1 
2024-01-15T21:47:29.964660+00:00 DEBUG 'ansible_navigator.main' Pygments==2.11.2 
2024-01-15T21:47:29.964679+00:00 DEBUG 'ansible_navigator.main' ansible-builder==3.0.0 
2024-01-15T21:47:29.964698+00:00 DEBUG 'ansible_navigator.main' ansible-compat==4.1.8 
2024-01-15T21:47:29.964715+00:00 DEBUG 'ansible_navigator.main' ansible-core==2.14.9 
2024-01-15T21:47:29.964733+00:00 DEBUG 'ansible_navigator.main' ansible-lint==6.14.3 
2024-01-15T21:47:29.964751+00:00 DEBUG 'ansible_navigator.main' ansible-navigator==3.4.1 
2024-01-15T21:47:29.964768+00:00 DEBUG 'ansible_navigator.main' ansible-runner==2.3.4 
2024-01-15T21:47:29.964786+00:00 DEBUG 'ansible_navigator.main' attrs==21.4.0 /usr/lib/python3.9/site-packages/attrs/__init__.py
2024-01-15T21:47:29.964803+00:00 DEBUG 'ansible_navigator.main' bindep==2.10.2 /usr/lib/python3.9/site-packages/bindep/__init__.py
2024-01-15T21:47:29.964821+00:00 DEBUG 'ansible_navigator.main' black==22.8.0 /usr/lib/python3.9/site-packages/black/__init__.py
2024-01-15T21:47:29.964839+00:00 DEBUG 'ansible_navigator.main' bracex==2.2.1 /usr/lib/python3.9/site-packages/bracex/__init__.py
2024-01-15T21:47:29.964856+00:00 DEBUG 'ansible_navigator.main' certifi==2022.12.7 /usr/lib/python3.9/site-packages/certifi/__init__.py
2024-01-15T21:47:29.964874+00:00 DEBUG 'ansible_navigator.main' cffi==1.15.0 /usr/lib64/python3.9/site-packages/cffi/__init__.py
2024-01-15T21:47:29.964891+00:00 DEBUG 'ansible_navigator.main' chardet==4.0.0 /usr/lib/python3.9/site-packages/chardet/__init__.py
2024-01-15T21:47:29.964908+00:00 DEBUG 'ansible_navigator.main' charset-normalizer==2.0.11 
2024-01-15T21:47:29.964926+00:00 DEBUG 'ansible_navigator.main' click-help-colors==0.9.1 
2024-01-15T21:47:29.964943+00:00 DEBUG 'ansible_navigator.main' click==8.1.3 /usr/lib/python3.9/site-packages/click/__init__.py
2024-01-15T21:47:29.964960+00:00 DEBUG 'ansible_navigator.main' cockpit==300.3 /usr/lib/python3.9/site-packages/cockpit/__init__.py
2024-01-15T21:47:29.964979+00:00 DEBUG 'ansible_navigator.main' commonmark==0.9.1 /usr/lib/python3.9/site-packages/commonmark/__init__.py
2024-01-15T21:47:29.964998+00:00 DEBUG 'ansible_navigator.main' cryptography==38.0.4 /usr/lib64/python3.9/site-packages/cryptography/__init__.py
2024-01-15T21:47:29.965016+00:00 DEBUG 'ansible_navigator.main' dasbus==1.4 /usr/lib/python3.9/site-packages/dasbus/__init__.py
2024-01-15T21:47:29.965033+00:00 DEBUG 'ansible_navigator.main' dbus-python==1.2.18 
2024-01-15T21:47:29.965050+00:00 DEBUG 'ansible_navigator.main' decorator==4.4.2 /usr/lib/python3.9/site-packages/decorator.py
2024-01-15T21:47:29.965068+00:00 DEBUG 'ansible_navigator.main' distro==1.6.0 /usr/lib/python3.9/site-packages/distro.py
2024-01-15T21:47:29.965085+00:00 DEBUG 'ansible_navigator.main' dnspython==2.3.0 
2024-01-15T21:47:29.965102+00:00 DEBUG 'ansible_navigator.main' docutils==0.16 /usr/lib/python3.9/site-packages/docutils/__init__.py
2024-01-15T21:47:29.965119+00:00 DEBUG 'ansible_navigator.main' enrich==1.2.7 /usr/lib/python3.9/site-packages/enrich/__init__.py
2024-01-15T21:47:29.965137+00:00 DEBUG 'ansible_navigator.main' ethtool==0.15 /usr/lib64/python3.9/site-packages/ethtool.cpython-39-x86_64-linux-gnu.so
2024-01-15T21:47:29.965154+00:00 DEBUG 'ansible_navigator.main' file-magic==0.4.0 
2024-01-15T21:47:29.965172+00:00 DEBUG 'ansible_navigator.main' filelock==3.8.0 /usr/lib/python3.9/site-packages/filelock/__init__.py
2024-01-15T21:47:29.965189+00:00 DEBUG 'ansible_navigator.main' future==0.18.3 /usr/lib/python3.9/site-packages/future/__init__.py
2024-01-15T21:47:29.965212+00:00 DEBUG 'ansible_navigator.main' gssapi==1.6.9 /usr/lib64/python3.9/site-packages/gssapi/__init__.py
2024-01-15T21:47:29.965230+00:00 DEBUG 'ansible_navigator.main' idna==3.3 /usr/lib/python3.9/site-packages/idna/__init__.py
2024-01-15T21:47:29.965248+00:00 DEBUG 'ansible_navigator.main' importlib-metadata==4.10.1 
2024-01-15T21:47:29.965266+00:00 DEBUG 'ansible_navigator.main' importlib-resources==5.0.7 
2024-01-15T21:47:29.965283+00:00 DEBUG 'ansible_navigator.main' iniparse==0.4 /usr/lib/python3.9/site-packages/iniparse/__init__.py
2024-01-15T21:47:29.965300+00:00 DEBUG 'ansible_navigator.main' ipaclient==4.10.2 /usr/lib/python3.9/site-packages/ipaclient/__init__.py
2024-01-15T21:47:29.965317+00:00 DEBUG 'ansible_navigator.main' ipalib==4.10.2 /usr/lib/python3.9/site-packages/ipalib/__init__.py
2024-01-15T21:47:29.965354+00:00 DEBUG 'ansible_navigator.main' ipaplatform==4.10.2 /usr/lib/python3.9/site-packages/ipaplatform/__init__.py
2024-01-15T21:47:29.965373+00:00 DEBUG 'ansible_navigator.main' ipapython==4.10.2 /usr/lib/python3.9/site-packages/ipapython/__init__.py
2024-01-15T21:47:29.965391+00:00 DEBUG 'ansible_navigator.main' jsonschema==4.16.0 /usr/lib/python3.9/site-packages/jsonschema/__init__.py
2024-01-15T21:47:29.965409+00:00 DEBUG 'ansible_navigator.main' jwcrypto==0.8 /usr/lib/python3.9/site-packages/jwcrypto/__init__.py
2024-01-15T21:47:29.965426+00:00 DEBUG 'ansible_navigator.main' katello-host-tools==4.2.3 
2024-01-15T21:47:29.965444+00:00 DEBUG 'ansible_navigator.main' lockfile==0.12.2 /usr/lib/python3.9/site-packages/lockfile/__init__.py
2024-01-15T21:47:29.965461+00:00 DEBUG 'ansible_navigator.main' lxml==4.6.5 /usr/lib64/python3.9/site-packages/lxml/__init__.py
2024-01-15T21:47:29.965479+00:00 DEBUG 'ansible_navigator.main' molecule==6.0.2 /usr/lib/python3.9/site-packages/molecule/__init__.py
2024-01-15T21:47:29.965496+00:00 DEBUG 'ansible_navigator.main' mypy-extensions==0.4.3 
2024-01-15T21:47:29.965513+00:00 DEBUG 'ansible_navigator.main' netaddr==0.8.0 /usr/lib/python3.9/site-packages/netaddr/__init__.py
2024-01-15T21:47:29.965530+00:00 DEBUG 'ansible_navigator.main' netifaces==0.10.6 /usr/lib64/python3.9/site-packages/netifaces.cpython-39-x86_64-linux-gnu.so
2024-01-15T21:47:29.965548+00:00 DEBUG 'ansible_navigator.main' onigurumacffi==1.1.0 /usr/lib64/python3.9/site-packages/onigurumacffi.py
2024-01-15T21:47:29.965565+00:00 DEBUG 'ansible_navigator.main' packaging==21.3 /usr/lib/python3.9/site-packages/packaging/__init__.py
2024-01-15T21:47:29.965582+00:00 DEBUG 'ansible_navigator.main' pathspec==0.9.0 /usr/lib/python3.9/site-packages/pathspec/__init__.py
2024-01-15T21:47:29.965599+00:00 DEBUG 'ansible_navigator.main' pbr==5.8.1 /usr/lib/python3.9/site-packages/pbr/__init__.py
2024-01-15T21:47:29.965617+00:00 DEBUG 'ansible_navigator.main' perf==0.1 /usr/lib64/python3.9/site-packages/perf.cpython-39-x86_64-linux-gnu.so
2024-01-15T21:47:29.965634+00:00 DEBUG 'ansible_navigator.main' platformdirs==2.4.1 /usr/lib/python3.9/site-packages/platformdirs/__init__.py
2024-01-15T21:47:29.965662+00:00 DEBUG 'ansible_navigator.main' pluggy==1.0.0 /usr/lib/python3.9/site-packages/pluggy/__init__.py
2024-01-15T21:47:29.965680+00:00 DEBUG 'ansible_navigator.main' ply==3.11 /usr/lib/python3.9/site-packages/ply/__init__.py
2024-01-15T21:47:29.965697+00:00 DEBUG 'ansible_navigator.main' psutil==5.8.0 /usr/lib64/python3.9/site-packages/psutil/__init__.py
2024-01-15T21:47:29.965714+00:00 DEBUG 'ansible_navigator.main' pyasn1-modules==0.2.8 
2024-01-15T21:47:29.965732+00:00 DEBUG 'ansible_navigator.main' pyasn1==0.4.8 /usr/lib/python3.9/site-packages/pyasn1/__init__.py
2024-01-15T21:47:29.965749+00:00 DEBUG 'ansible_navigator.main' pycparser==2.21 /usr/lib/python3.9/site-packages/pycparser/__init__.py
2024-01-15T21:47:29.965766+00:00 DEBUG 'ansible_navigator.main' pyinotify==0.9.6 /usr/lib/python3.9/site-packages/pyinotify.py
2024-01-15T21:47:29.965784+00:00 DEBUG 'ansible_navigator.main' pyrsistent==0.17.3 /usr/lib64/python3.9/site-packages/pyrsistent/__init__.py
2024-01-15T21:47:29.965809+00:00 DEBUG 'ansible_navigator.main' python-daemon==2.3.0 
2024-01-15T21:47:29.965827+00:00 DEBUG 'ansible_navigator.main' python-dateutil==2.8.1 
2024-01-15T21:47:29.965845+00:00 DEBUG 'ansible_navigator.main' python-ldap==3.4.3 
2024-01-15T21:47:29.965862+00:00 DEBUG 'ansible_navigator.main' python-linux-procfs==0.7.0 
2024-01-15T21:47:29.965879+00:00 DEBUG 'ansible_navigator.main' python-yubico==1.3.3 
2024-01-15T21:47:29.965896+00:00 DEBUG 'ansible_navigator.main' pytz==2021.3 /usr/lib/python3.9/site-packages/pytz/__init__.py
2024-01-15T21:47:29.965914+00:00 DEBUG 'ansible_navigator.main' pyudev==0.22.0 /usr/lib/python3.9/site-packages/pyudev/__init__.py
2024-01-15T21:47:29.965931+00:00 DEBUG 'ansible_navigator.main' pyusb==1.0.2 
2024-01-15T21:47:29.965948+00:00 DEBUG 'ansible_navigator.main' qrcode==6.1 /usr/lib/python3.9/site-packages/qrcode/__init__.py
2024-01-15T21:47:29.965965+00:00 DEBUG 'ansible_navigator.main' requests==2.31.0 /usr/lib/python3.9/site-packages/requests/__init__.py
2024-01-15T21:47:29.965984+00:00 DEBUG 'ansible_navigator.main' requirements-parser==0.2.0 
2024-01-15T21:47:29.966003+00:00 DEBUG 'ansible_navigator.main' resolvelib==0.5.4 /usr/lib/python3.9/site-packages/resolvelib/__init__.py
2024-01-15T21:47:29.966020+00:00 DEBUG 'ansible_navigator.main' rich==12.0.0 /usr/lib/python3.9/site-packages/rich/__init__.py
2024-01-15T21:47:29.966038+00:00 DEBUG 'ansible_navigator.main' ruamel.yaml.clib==0.2.6 
2024-01-15T21:47:29.966055+00:00 DEBUG 'ansible_navigator.main' ruamel.yaml==0.17.21 /usr/lib/python3.9/site-packages/ruamel/yaml/__init__.py
2024-01-15T21:47:29.966072+00:00 DEBUG 'ansible_navigator.main' selinux==3.5 /usr/lib64/python3.9/site-packages/selinux/__init__.py
2024-01-15T21:47:29.966090+00:00 DEBUG 'ansible_navigator.main' sepolicy==3.5 /usr/lib/python3.9/site-packages/sepolicy/__init__.py
2024-01-15T21:47:29.966107+00:00 DEBUG 'ansible_navigator.main' setools==4.4.3 /usr/lib64/python3.9/site-packages/setools/__init__.py
2024-01-15T21:47:29.966125+00:00 DEBUG 'ansible_navigator.main' setroubleshoot==3.3.32 /usr/lib/python3.9/site-packages/setroubleshoot/__init__.py
2024-01-15T21:47:29.966142+00:00 DEBUG 'ansible_navigator.main' setuptools==53.0.0 /usr/lib/python3.9/site-packages/setuptools/__init__.py
2024-01-15T21:47:29.966159+00:00 DEBUG 'ansible_navigator.main' six==1.16.0 /usr/lib/python3.9/site-packages/six.py
2024-01-15T21:47:29.966177+00:00 DEBUG 'ansible_navigator.main' sos==4.6.0 /usr/lib/python3.9/site-packages/sos/__init__.py
2024-01-15T21:47:29.966194+00:00 DEBUG 'ansible_navigator.main' subprocess-tee==0.4.1 
2024-01-15T21:47:29.966211+00:00 DEBUG 'ansible_navigator.main' subscription-manager==1.29.38 
2024-01-15T21:47:29.966228+00:00 DEBUG 'ansible_navigator.main' tomli==2.0.1 /usr/lib/python3.9/site-packages/tomli/__init__.py
2024-01-15T21:47:29.966245+00:00 DEBUG 'ansible_navigator.main' urllib3==1.26.8 /usr/lib/python3.9/site-packages/urllib3/__init__.py
2024-01-15T21:47:29.966262+00:00 DEBUG 'ansible_navigator.main' wcmatch==8.3 /usr/lib/python3.9/site-packages/wcmatch/__init__.py
2024-01-15T21:47:29.966280+00:00 DEBUG 'ansible_navigator.main' yamllint==1.30.0 /usr/lib/python3.9/site-packages/yamllint/__init__.py
2024-01-15T21:47:29.966297+00:00 DEBUG 'ansible_navigator.main' zipp==3.4.0 /usr/lib/python3.9/site-packages/zipp.py
2024-01-15T21:47:29.966315+00:00 DEBUG 'ansible_navigator.main' Default collection_doc_cache_path set to: /home/nick/.cache/ansible-navigator/collection_doc_cache.db
2024-01-15T21:47:29.966347+00:00 DEBUG 'ansible_navigator.main' EDITOR environment variable not set
2024-01-15T21:47:29.966366+00:00 DEBUG 'ansible_navigator.main' Default editor_command set to: vi +{line_number} {filename}
2024-01-15T21:47:29.966384+00:00 DEBUG 'ansible_navigator.main' No config file set by ANSIBLE_NAVIGATOR_CONFIG
2024-01-15T21:47:29.966401+00:00 DEBUG 'ansible_navigator.main' Looking in /home/nick
2024-01-15T21:47:29.966419+00:00 DEBUG 'ansible_navigator.main' Looking for '/home/nick/.ansible-navigator.yml', '/home/nick/.ansible-navigator.yaml' and '/home/nick/.ansible-navigator.json'
2024-01-15T21:47:29.966440+00:00 DEBUG 'ansible_navigator.main' Found 0: 
2024-01-15T21:47:29.966458+00:00 DEBUG 'ansible_navigator.main' Looking in /home/nick/ansible/playbook
2024-01-15T21:47:29.966475+00:00 DEBUG 'ansible_navigator.main' Looking for '/home/nick/ansible/playbook/ansible-navigator.yml', '/home/nick/ansible/playbook/ansible-navigator.yaml' and '/home/nick/ansible/playbook/ansible-navigator.json'
2024-01-15T21:47:29.966493+00:00 DEBUG 'ansible_navigator.main' Found 0: 
2024-01-15T21:47:29.966510+00:00 DEBUG 'ansible_navigator.main' All found 0: 
2024-01-15T21:47:29.966527+00:00 DEBUG 'ansible_navigator.main' Using: None
2024-01-15T21:47:29.966544+00:00 DEBUG 'ansible_navigator.main' No valid settings file found, using all default values for settings.
2024-01-15T21:47:29.966561+00:00 DEBUG 'ansible_navigator.main' Command provided: 'ee/playbooks/files.yml'
2024-01-15T21:47:29.966580+00:00 WARNING 'ansible_navigator.main' Configuration errors encountered, rolling back to previous configuration.
2024-01-15T21:47:29.966598+00:00 DEBUG 'ansible_navigator.main' Prior to rollback: ansible_runner_artifact_dir = 'Not set' (Constants/Not set)
2024-01-15T21:47:29.966616+00:00 DEBUG 'ansible_navigator.main' Prior to rollback: ansible_runner_rotate_artifacts_count = 'Not set' (Constants/Not set)
2024-01-15T21:47:29.966634+00:00 DEBUG 'ansible_navigator.main' Prior to rollback: ansible_runner_timeout = 'Not set' (Constants/Not set)
2024-01-15T21:47:29.966662+00:00 DEBUG 'ansible_navigator.main' Prior to rollback: ansible_runner_write_job_events = 'False' (bool/Defaults)
2024-01-15T21:47:29.966680+00:00 DEBUG 'ansible_navigator.main' Prior to rollback: app = 'welcome' (str/Defaults)
2024-01-15T21:47:29.966697+00:00 DEBUG 'ansible_navigator.main' Prior to rollback: cmdline = '['ee/playbooks/files.yml']' (list/Command line)
2024-01-15T21:47:29.966715+00:00 DEBUG 'ansible_navigator.main' Prior to rollback: collection_doc_cache_path = '/home/nick/.cache/ansible-navigator/collection_doc_cache.db' (str/Defaults)
2024-01-15T21:47:29.966732+00:00 DEBUG 'ansible_navigator.main' Prior to rollback: config = 'Not set' (Constants/Not set)
2024-01-15T21:47:29.966750+00:00 DEBUG 'ansible_navigator.main' Prior to rollback: container_engine = 'auto' (str/Defaults)
2024-01-15T21:47:29.966767+00:00 DEBUG 'ansible_navigator.main' Prior to rollback: container_options = 'Not set' (Constants/Not set)
2024-01-15T21:47:29.966784+00:00 DEBUG 'ansible_navigator.main' Prior to rollback: display_color = 'True' (bool/Defaults)
2024-01-15T21:47:29.966801+00:00 DEBUG 'ansible_navigator.main' Prior to rollback: editor_command = 'vi +{line_number} {filename}' (str/Defaults)
2024-01-15T21:47:29.966818+00:00 DEBUG 'ansible_navigator.main' Prior to rollback: editor_console = 'True' (bool/Defaults)
2024-01-15T21:47:29.966835+00:00 DEBUG 'ansible_navigator.main' Prior to rollback: enable_prompts = 'False' (bool/Defaults)
2024-01-15T21:47:29.966853+00:00 DEBUG 'ansible_navigator.main' Prior to rollback: exec_command = '/bin/bash' (str/Defaults)
2024-01-15T21:47:29.966870+00:00 DEBUG 'ansible_navigator.main' Prior to rollback: exec_shell = 'True' (bool/Defaults)
2024-01-15T21:47:29.966887+00:00 DEBUG 'ansible_navigator.main' Prior to rollback: execution_environment = 'True' (bool/Defaults)
2024-01-15T21:47:29.966904+00:00 DEBUG 'ansible_navigator.main' Prior to rollback: execution_environment_image = 'registry.redhat.io/ansible-automation-platform-24/ee-supported-rhel8:latest' (str/Defaults)
2024-01-15T21:47:29.966923+00:00 DEBUG 'ansible_navigator.main' Prior to rollback: execution_environment_volume_mounts = 'Not set' (Constants/Not set)
2024-01-15T21:47:29.966940+00:00 DEBUG 'ansible_navigator.main' Prior to rollback: format = 'yaml' (str/Defaults)
2024-01-15T21:47:29.966957+00:00 DEBUG 'ansible_navigator.main' Prior to rollback: help_builder = 'False' (bool/Defaults)
2024-01-15T21:47:29.966974+00:00 DEBUG 'ansible_navigator.main' Prior to rollback: help_config = 'False' (bool/Defaults)
2024-01-15T21:47:29.966994+00:00 DEBUG 'ansible_navigator.main' Prior to rollback: help_doc = 'False' (bool/Defaults)
2024-01-15T21:47:29.967012+00:00 DEBUG 'ansible_navigator.main' Prior to rollback: help_inventory = 'False' (bool/Defaults)
2024-01-15T21:47:29.967028+00:00 DEBUG 'ansible_navigator.main' Prior to rollback: help_playbook = 'False' (bool/Defaults)
2024-01-15T21:47:29.967046+00:00 DEBUG 'ansible_navigator.main' Prior to rollback: images_details = '['everything']' (list/Defaults)
2024-01-15T21:47:29.967062+00:00 DEBUG 'ansible_navigator.main' Prior to rollback: inventory = 'Not set' (Constants/Not set)
2024-01-15T21:47:29.967080+00:00 DEBUG 'ansible_navigator.main' Prior to rollback: inventory_column = 'Not set' (Constants/Not set)
2024-01-15T21:47:29.967097+00:00 DEBUG 'ansible_navigator.main' Prior to rollback: lint_config = 'Not set' (Constants/Not set)
2024-01-15T21:47:29.967114+00:00 DEBUG 'ansible_navigator.main' Prior to rollback: lintables = 'Not set' (Constants/Not set)
2024-01-15T21:47:29.967131+00:00 DEBUG 'ansible_navigator.main' Prior to rollback: log_append = 'True' (bool/Defaults)
2024-01-15T21:47:29.967148+00:00 DEBUG 'ansible_navigator.main' Prior to rollback: log_file = '/home/nick/ansible/playbook/ansible-navigator.log' (str/Defaults)
2024-01-15T21:47:29.967166+00:00 DEBUG 'ansible_navigator.main' Prior to rollback: log_level = 'warning' (str/Defaults)
2024-01-15T21:47:29.967183+00:00 DEBUG 'ansible_navigator.main' Prior to rollback: mode = 'interactive' (str/Defaults)
2024-01-15T21:47:29.967200+00:00 DEBUG 'ansible_navigator.main' Prior to rollback: osc4 = 'True' (bool/Defaults)
2024-01-15T21:47:29.967217+00:00 DEBUG 'ansible_navigator.main' Prior to rollback: pass_environment_variable = 'Not set' (Constants/Not set)
2024-01-15T21:47:29.967235+00:00 DEBUG 'ansible_navigator.main' Prior to rollback: playbook = 'Not set' (Constants/Not set)
2024-01-15T21:47:29.967252+00:00 DEBUG 'ansible_navigator.main' Prior to rollback: playbook_artifact_enable = 'True' (bool/Defaults)
2024-01-15T21:47:29.967269+00:00 DEBUG 'ansible_navigator.main' Prior to rollback: playbook_artifact_replay = 'Not set' (Constants/Not set)
2024-01-15T21:47:29.967286+00:00 DEBUG 'ansible_navigator.main' Prior to rollback: playbook_artifact_save_as = '{playbook_dir}/{playbook_name}-artifact-{time_stamp}.json' (str/Defaults)
2024-01-15T21:47:29.967304+00:00 DEBUG 'ansible_navigator.main' Prior to rollback: plugin_name = 'Not set' (Constants/Not set)
2024-01-15T21:47:29.967321+00:00 DEBUG 'ansible_navigator.main' Prior to rollback: plugin_type = 'module' (str/Defaults)
2024-01-15T21:47:29.967356+00:00 DEBUG 'ansible_navigator.main' Prior to rollback: pull_arguments = 'Not set' (Constants/Not set)
2024-01-15T21:47:29.967375+00:00 DEBUG 'ansible_navigator.main' Prior to rollback: pull_policy = 'tag' (str/Defaults)
2024-01-15T21:47:29.967392+00:00 DEBUG 'ansible_navigator.main' Prior to rollback: set_environment_variable = 'Not set' (Constants/Not set)
2024-01-15T21:47:29.967409+00:00 DEBUG 'ansible_navigator.main' Prior to rollback: settings_effective = 'False' (bool/Defaults)
2024-01-15T21:47:29.967426+00:00 DEBUG 'ansible_navigator.main' Prior to rollback: settings_sample = 'False' (bool/Defaults)
2024-01-15T21:47:29.967451+00:00 DEBUG 'ansible_navigator.main' Prior to rollback: settings_schema = 'json' (str/Defaults)
2024-01-15T21:47:29.967474+00:00 DEBUG 'ansible_navigator.main' Prior to rollback: settings_sources = 'False' (bool/Defaults)
2024-01-15T21:47:29.967491+00:00 DEBUG 'ansible_navigator.main' Prior to rollback: time_zone = 'UTC' (str/Defaults)
2024-01-15T21:47:29.967508+00:00 DEBUG 'ansible_navigator.main' Prior to rollback: workdir = '/home/nick/ansible/playbook' (str/Defaults)
2024-01-15T21:47:29.967525+00:00 DEBUG 'ansible_navigator.main' After rollback: ansible_runner_artifact_dir = 'Not set' (Constants/Not set)
2024-01-15T21:47:29.967542+00:00 DEBUG 'ansible_navigator.main' After rollback: ansible_runner_rotate_artifacts_count = 'Not set' (Constants/Not set)
2024-01-15T21:47:29.967563+00:00 DEBUG 'ansible_navigator.main' After rollback: ansible_runner_timeout = 'Not set' (Constants/Not set)
2024-01-15T21:47:29.967581+00:00 DEBUG 'ansible_navigator.main' After rollback: ansible_runner_write_job_events = 'Not set' (Constants/Not set)
2024-01-15T21:47:29.967599+00:00 DEBUG 'ansible_navigator.main' After rollback: app = 'Not set' (Constants/Not set)
2024-01-15T21:47:29.967616+00:00 DEBUG 'ansible_navigator.main' After rollback: cmdline = 'Not set' (Constants/Not set)
2024-01-15T21:47:29.967633+00:00 DEBUG 'ansible_navigator.main' After rollback: collection_doc_cache_path = 'Not set' (Constants/Not set)
2024-01-15T21:47:29.967662+00:00 DEBUG 'ansible_navigator.main' After rollback: config = 'Not set' (Constants/Not set)
2024-01-15T21:47:29.967680+00:00 DEBUG 'ansible_navigator.main' After rollback: container_engine = 'Not set' (Constants/Not set)
2024-01-15T21:47:29.967697+00:00 DEBUG 'ansible_navigator.main' After rollback: container_options = 'Not set' (Constants/Not set)
2024-01-15T21:47:29.967714+00:00 DEBUG 'ansible_navigator.main' After rollback: display_color = 'Not set' (Constants/Not set)
2024-01-15T21:47:29.967731+00:00 DEBUG 'ansible_navigator.main' After rollback: editor_command = 'Not set' (Constants/Not set)
2024-01-15T21:47:29.967749+00:00 DEBUG 'ansible_navigator.main' After rollback: editor_console = 'Not set' (Constants/Not set)
2024-01-15T21:47:29.967766+00:00 DEBUG 'ansible_navigator.main' After rollback: enable_prompts = 'Not set' (Constants/Not set)
2024-01-15T21:47:29.967783+00:00 DEBUG 'ansible_navigator.main' After rollback: exec_command = 'Not set' (Constants/Not set)
2024-01-15T21:47:29.967800+00:00 DEBUG 'ansible_navigator.main' After rollback: exec_shell = 'Not set' (Constants/Not set)
2024-01-15T21:47:29.967817+00:00 DEBUG 'ansible_navigator.main' After rollback: execution_environment = 'Not set' (Constants/Not set)
2024-01-15T21:47:29.967834+00:00 DEBUG 'ansible_navigator.main' After rollback: execution_environment_image = 'Not set' (Constants/Not set)
2024-01-15T21:47:29.967852+00:00 DEBUG 'ansible_navigator.main' After rollback: execution_environment_volume_mounts = 'Not set' (Constants/Not set)
2024-01-15T21:47:29.967869+00:00 DEBUG 'ansible_navigator.main' After rollback: format = 'Not set' (Constants/Not set)
2024-01-15T21:47:29.967886+00:00 DEBUG 'ansible_navigator.main' After rollback: help_builder = 'Not set' (Constants/Not set)
2024-01-15T21:47:29.967903+00:00 DEBUG 'ansible_navigator.main' After rollback: help_config = 'Not set' (Constants/Not set)
2024-01-15T21:47:29.967921+00:00 DEBUG 'ansible_navigator.main' After rollback: help_doc = 'Not set' (Constants/Not set)
2024-01-15T21:47:29.967938+00:00 DEBUG 'ansible_navigator.main' After rollback: help_inventory = 'Not set' (Constants/Not set)
2024-01-15T21:47:29.967955+00:00 DEBUG 'ansible_navigator.main' After rollback: help_playbook = 'Not set' (Constants/Not set)
2024-01-15T21:47:29.967972+00:00 DEBUG 'ansible_navigator.main' After rollback: images_details = 'Not set' (Constants/Not set)
2024-01-15T21:47:29.967989+00:00 DEBUG 'ansible_navigator.main' After rollback: inventory = 'Not set' (Constants/Not set)
2024-01-15T21:47:29.968006+00:00 DEBUG 'ansible_navigator.main' After rollback: inventory_column = 'Not set' (Constants/Not set)
2024-01-15T21:47:29.968024+00:00 DEBUG 'ansible_navigator.main' After rollback: lint_config = 'Not set' (Constants/Not set)
2024-01-15T21:47:29.968041+00:00 DEBUG 'ansible_navigator.main' After rollback: lintables = 'Not set' (Constants/Not set)
2024-01-15T21:47:29.968058+00:00 DEBUG 'ansible_navigator.main' After rollback: log_append = 'Not set' (Constants/Not set)
2024-01-15T21:47:29.968075+00:00 DEBUG 'ansible_navigator.main' After rollback: log_file = 'Not set' (Constants/Not set)
2024-01-15T21:47:29.968092+00:00 DEBUG 'ansible_navigator.main' After rollback: log_level = 'Not set' (Constants/Not set)
2024-01-15T21:47:29.968109+00:00 DEBUG 'ansible_navigator.main' After rollback: mode = 'Not set' (Constants/Not set)
2024-01-15T21:47:29.968126+00:00 DEBUG 'ansible_navigator.main' After rollback: osc4 = 'Not set' (Constants/Not set)
2024-01-15T21:47:29.968147+00:00 DEBUG 'ansible_navigator.main' After rollback: pass_environment_variable = 'Not set' (Constants/Not set)
2024-01-15T21:47:29.968165+00:00 DEBUG 'ansible_navigator.main' After rollback: playbook = 'Not set' (Constants/Not set)
2024-01-15T21:47:29.968182+00:00 DEBUG 'ansible_navigator.main' After rollback: playbook_artifact_enable = 'Not set' (Constants/Not set)
2024-01-15T21:47:29.968199+00:00 DEBUG 'ansible_navigator.main' After rollback: playbook_artifact_replay = 'Not set' (Constants/Not set)
2024-01-15T21:47:29.968217+00:00 DEBUG 'ansible_navigator.main' After rollback: playbook_artifact_save_as = 'Not set' (Constants/Not set)
2024-01-15T21:47:29.968234+00:00 DEBUG 'ansible_navigator.main' After rollback: plugin_name = 'Not set' (Constants/Not set)
2024-01-15T21:47:29.968251+00:00 DEBUG 'ansible_navigator.main' After rollback: plugin_type = 'Not set' (Constants/Not set)
2024-01-15T21:47:29.968269+00:00 DEBUG 'ansible_navigator.main' After rollback: pull_arguments = 'Not set' (Constants/Not set)
2024-01-15T21:47:29.968285+00:00 DEBUG 'ansible_navigator.main' After rollback: pull_policy = 'Not set' (Constants/Not set)
2024-01-15T21:47:29.968302+00:00 DEBUG 'ansible_navigator.main' After rollback: set_environment_variable = 'Not set' (Constants/Not set)
2024-01-15T21:47:29.968320+00:00 DEBUG 'ansible_navigator.main' After rollback: settings_effective = 'Not set' (Constants/Not set)
2024-01-15T21:47:29.968354+00:00 DEBUG 'ansible_navigator.main' After rollback: settings_sample = 'Not set' (Constants/Not set)
2024-01-15T21:47:29.968372+00:00 DEBUG 'ansible_navigator.main' After rollback: settings_schema = 'Not set' (Constants/Not set)
2024-01-15T21:47:29.968389+00:00 DEBUG 'ansible_navigator.main' After rollback: settings_sources = 'Not set' (Constants/Not set)
2024-01-15T21:47:29.968406+00:00 DEBUG 'ansible_navigator.main' After rollback: time_zone = 'Not set' (Constants/Not set)
2024-01-15T21:47:29.968424+00:00 DEBUG 'ansible_navigator.main' After rollback: workdir = 'Not set' (Constants/Not set)
2024-01-15T21:47:29.968441+00:00 DEBUG 'ansible_navigator.main' Configuration rollback complete.
2024-01-15T21:47:29.968458+00:00 DEBUG 'ansible_navigator.main' Collection doc cache not mounted
2024-01-15T21:47:29.968486+00:00 WARNING 'ansible_navigator.main' Issues were found while applying the settings.
2024-01-15T21:47:29.968507+00:00 INFO 'ansible_navigator.main' Command provided: 'ee/playbooks/files.yml'
2024-01-15T21:47:29.968528+00:00 ERROR 'ansible_navigator.main' argument {subcommand} --help: invalid choice: 'ee/playbooks/files.yml' (choose from 'builder', 'collections', 'config', 'doc', 'exec', 'images', 'inventory', 'lint', 'replay', 'run', 'settings', 'welcome')
2024-01-15T21:47:29.968549+00:00 INFO 'ansible_navigator.main' Configuration failed, using default log file location. (/home/nick/ansible/playbook/ansible-navigator.log) Log level set to debug
2024-01-15T21:47:29.968569+00:00 INFO 'ansible_navigator.main' Review the hints and log file to see what went wrong.
2024-01-15T21:47:47.106025+00:00 WARNING 'ansible_navigator.image_manager.puller._log_message' Image inspection failed, image assumed to be corrupted or missing
2024-01-15T21:47:47.106389+00:00 WARNING 'ansible_navigator.image_manager.puller._log_message' stdout: []

2024-01-15T21:47:47.106417+00:00 WARNING 'ansible_navigator.image_manager.puller._log_message' stderr: Error: registry.redhat.io/ansible-automation-platform-24/ee-supported-rhel8:latest: image not known

2024-01-15T21:48:44.900573+00:00 WARNING 'ansible_navigator.image_manager.puller._log_message' Image inspection failed, image assumed to be corrupted or missing
2024-01-15T21:48:44.900911+00:00 WARNING 'ansible_navigator.image_manager.puller._log_message' stdout: []

2024-01-15T21:48:44.900941+00:00 WARNING 'ansible_navigator.image_manager.puller._log_message' stderr: Error: registry.redhat.io/ansible-automation-platform-24/ee-supported-rhel8:latest: image not known

2024-01-15T21:48:45.213750+00:00 ERROR 'ansible_navigator.image_manager.puller._log_message' Execution environment pull failed
2024-01-15T21:48:45.784781+00:00 CRITICAL 'ansible_navigator.actions.run_88d2._handle_message' Unhandled message from runner queue, discarded: {'event': 'verbose', 'uuid': '70ff70f7-c7e4-4a58-ac91-f88f27a9648b', 'counter': 1, 'stdout': 'Error: initializing source docker://registry.redhat.io/ansible-automation-platform-24/ee-supported-rhel8:latest: unable to retrieve auth token: invalid username/password: unauthorized: Please login to the Red Hat Registry using your Customer Portal credentials. Further instructions can be found here: https://access.redhat.com/RegistryAuthentication', 'start_line': 0, 'end_line': 1, 'runner_ident': '0c7d475f-881a-4504-a298-51213df30437', 'created': '2024-01-15T21:48:45.784451'}
2024-01-15T21:50:17.181771+00:00 WARNING 'ansible_navigator.image_manager.puller._log_message' Image inspection failed, image assumed to be corrupted or missing
2024-01-15T21:50:17.182135+00:00 WARNING 'ansible_navigator.image_manager.puller._log_message' stdout: []

2024-01-15T21:50:17.182165+00:00 WARNING 'ansible_navigator.image_manager.puller._log_message' stderr: Error: registry.redhat.io/ansible-automation-platform-24/ee-supported-rhel8:latest: image not known

2024-01-15T21:51:24.353323+00:00 CRITICAL 'ansible_navigator.actions.run_5c97._handle_message' Unhandled message from runner queue, discarded: {'event': 'verbose', 'uuid': '77e2e79a-a29f-4e55-bc14-de5353b5f336', 'counter': 1, 'stdout': '\x1b[1;35m[WARNING]: provided hosts list is empty, only localhost is available. Note that\x1b[0m', 'start_line': 0, 'end_line': 1, 'runner_ident': '3c622c48-d37c-45b0-ba78-ae08704acf16', 'created': '2024-01-15T21:51:24.353019'}
2024-01-15T21:51:24.456399+00:00 CRITICAL 'ansible_navigator.actions.run_5c97._handle_message' Unhandled message from runner queue, discarded: {'event': 'verbose', 'uuid': '5c9e18f3-f1ad-4ad1-9f10-5a5e8646c7e6', 'counter': 2, 'stdout': "\x1b[1;35mthe implicit localhost does not match 'all'\x1b[0m", 'start_line': 1, 'end_line': 2, 'runner_ident': '3c622c48-d37c-45b0-ba78-ae08704acf16', 'created': '2024-01-15T21:51:24.354044'}
